Using pre-set license
Built from '2020.2/staging' branch; Version is '2020.2.3f1 (8ff31bc5bf5b) revision 9433883'; Using compiler version '192528614'; Build Type 'Release'
OS: 'Windows 10 Pro; OS build 19041.867; Version 2004; 64bit' Language: 'it' Physical Memory: 16326 MB
BatchMode: 1, IsHumanControllingUs: 0, StartBugReporterOnCrash: 0, Is64bit: 1, IsPro: 0

 COMMAND LINE ARGUMENTS:
C:\Program Files\2020.2.3f1\Editor\Unity.exe
-adb2
-batchMode
-noUpm
-name
AssetImportWorker0
-projectPath
C:/Users/Morini/SaveManager Tutorial
-logFile
Logs/AssetImportWorker0.log
-srvPort
55294
Successfully changed project path to: C:/Users/Morini/SaveManager Tutorial
C:/Users/Morini/SaveManager Tutorial
Using Asset Import Pipeline V2.
Refreshing native plugins compatible for Editor in 41.04 ms, found 1 plugins.
Preloading 0 native plugins for Editor in 0.00 ms.
Initialize engine version: 2020.2.3f1 (8ff31bc5bf5b)
[Subsystems] Discovering subsystems at path C:/Program Files/2020.2.3f1/Editor/Data/Resources/UnitySubsystems
[Subsystems] Discovering subsystems at path C:/Users/Morini/SaveManager Tutorial/Assets
GfxDevice: creating device client; threaded=0
Direct3D:
    Version:  Direct3D 11.0 [level 11.1]
    Renderer: NVIDIA GeForce GTX 1050 Ti (ID=0x1c82)
    Vendor:   
    VRAM:     4018 MB
    Driver:   27.21.14.5671
Initialize mono
Mono path[0] = 'C:/Program Files/2020.2.3f1/Editor/Data/Managed'
Mono path[1] = 'C:/Program Files/2020.2.3f1/Editor/Data/MonoBleedingEdge/lib/mono/unityjit'
Mono config path = 'C:/Program Files/2020.2.3f1/Editor/Data/MonoBleedingEdge/etc'
Using monoOptions --debugger-agent=transport=dt_socket,embedding=1,server=y,suspend=n,address=127.0.0.1:56504
Begin MonoManager ReloadAssembly
Registering precompiled unity dll's ...
Register platform support module: C:/Program Files/2020.2.3f1/Editor/Data/PlaybackEngines/MacStandaloneSupport/UnityEditor.OSXStandalone.Extensions.dll
Register platform support module: C:/Program Files/2020.2.3f1/Editor/Data/PlaybackEngines/WindowsStandaloneSupport/UnityEditor.WindowsStandalone.Extensions.dll
Registered in 0.002438 seconds.
Native extension for WindowsStandalone target not found
Native extension for OSXStandalone target not found
Refreshing native plugins compatible for Editor in 34.96 ms, found 1 plugins.
Preloading 0 native plugins for Editor in 0.00 ms.
Invoked RoslynAnalysisRunner static constructor.
RoslynAnalysisRunner will not be running.
RoslynAnalysisRunner has terminated.
Mono: successfully reloaded assembly
- Completed reload, in  1.776 seconds
Platform modules already initialized, skipping
Registering precompiled user dll's ...
Registered in 0.000960 seconds.
Begin MonoManager ReloadAssembly
Native extension for WindowsStandalone target not found
Native extension for OSXStandalone target not found
Refreshing native plugins compatible for Editor in 35.88 ms, found 1 plugins.
Preloading 0 native plugins for Editor in 0.00 ms.
Invoked RoslynAnalysisRunner static constructor.
RoslynAnalysisRunner will not be running.
RoslynAnalysisRunner has terminated.
Mono: successfully reloaded assembly
- Completed reload, in  0.886 seconds
Platform modules already initialized, skipping
========================================================================
Worker process is ready to serve import requests
Launched and connected shader compiler UnityShaderCompiler.exe after 0.04 seconds
Refreshing native plugins compatible for Editor in 0.37 ms, found 1 plugins.
Preloading 0 native plugins for Editor in 0.00 ms.
Unloading 1841 Unused Serialized files (Serialized files now loaded: 0)
System memory in use before: 87.1 MB.
System memory in use after: 87.1 MB.

Unloading 24 unused Assets to reduce memory usage. Loaded Objects now: 2283.
Total: 1.977900 ms (FindLiveObjects: 0.261800 ms CreateObjectMapping: 0.107000 ms MarkObjects: 1.485100 ms  DeleteObjects: 0.123100 ms)

========================================================================
Received Import Request.
  path: Assets/SaveManager.cs
  artifactKey: Guid(0956edc2c9d87ce45a118b716873c6ce) Importer(815301076,1909f56bfc062723c751e8b465ee728b)
Start importing Assets/SaveManager.cs using Guid(0956edc2c9d87ce45a118b716873c6ce) Importer(815301076,1909f56bfc062723c751e8b465ee728b)  -> (artifact id: 'ffe94bf3c13d94062933207819fe44d9') in 0.034845 seconds
  Import took 0.037673 seconds .

========================================================================
Received Prepare
Registering precompiled user dll's ...
Registered in 0.000924 seconds.
Begin MonoManager ReloadAssembly
Native extension for WindowsStandalone target not found
Native extension for OSXStandalone target not found
Refreshing native plugins compatible for Editor in 0.44 ms, found 1 plugins.
Preloading 0 native plugins for Editor in 0.00 ms.
Invoked RoslynAnalysisRunner static constructor.
RoslynAnalysisRunner will not be running.
RoslynAnalysisRunner has terminated.
Mono: successfully reloaded assembly
- Completed reload, in  0.823 seconds
Platform modules already initialized, skipping
Refreshing native plugins compatible for Editor in 0.35 ms, found 1 plugins.
Preloading 0 native plugins for Editor in 0.00 ms.
Unloading 1823 Unused Serialized files (Serialized files now loaded: 0)
System memory in use before: 86.1 MB.
System memory in use after: 86.1 MB.

Unloading 12 unused Assets to reduce memory usage. Loaded Objects now: 2286.
Total: 1.990700 ms (FindLiveObjects: 0.187400 ms CreateObjectMapping: 0.075000 ms MarkObjects: 1.628000 ms  DeleteObjects: 0.098800 ms)

========================================================================
Received Import Request.
  Time since last request: 116.369889 seconds.
  path: Assets/SaveManager.cs
  artifactKey: Guid(0956edc2c9d87ce45a118b716873c6ce) Importer(815301076,1909f56bfc062723c751e8b465ee728b)
Start importing Assets/SaveManager.cs using Guid(0956edc2c9d87ce45a118b716873c6ce) Importer(815301076,1909f56bfc062723c751e8b465ee728b)  -> (artifact id: '504d997e4d644445b40bd4b1315400e8') in 0.004779 seconds
  Import took 0.007486 seconds .

========================================================================
Received Prepare
Registering precompiled user dll's ...
Registered in 0.001315 seconds.
Begin MonoManager ReloadAssembly
Native extension for WindowsStandalone target not found
Native extension for OSXStandalone target not found
Refreshing native plugins compatible for Editor in 0.37 ms, found 1 plugins.
Preloading 0 native plugins for Editor in 0.00 ms.
Invoked RoslynAnalysisRunner static constructor.
RoslynAnalysisRunner will not be running.
RoslynAnalysisRunner has terminated.
Mono: successfully reloaded assembly
- Completed reload, in  0.941 seconds
Platform modules already initialized, skipping
Refreshing native plugins compatible for Editor in 0.37 ms, found 1 plugins.
Preloading 0 native plugins for Editor in 0.00 ms.
Unloading 1823 Unused Serialized files (Serialized files now loaded: 0)
System memory in use before: 86.1 MB.
System memory in use after: 86.1 MB.

Unloading 12 unused Assets to reduce memory usage. Loaded Objects now: 2289.
Total: 1.960000 ms (FindLiveObjects: 0.185300 ms CreateObjectMapping: 0.089900 ms MarkObjects: 1.579000 ms  DeleteObjects: 0.104700 ms)

========================================================================
Received Prepare
Registering precompiled user dll's ...
Registered in 0.001161 seconds.
Begin MonoManager ReloadAssembly
Native extension for WindowsStandalone target not found
Native extension for OSXStandalone target not found
Refreshing native plugins compatible for Editor in 0.35 ms, found 1 plugins.
Preloading 0 native plugins for Editor in 0.00 ms.
Invoked RoslynAnalysisRunner static constructor.
RoslynAnalysisRunner will not be running.
RoslynAnalysisRunner has terminated.
Mono: successfully reloaded assembly
- Completed reload, in  0.831 seconds
Platform modules already initialized, skipping
Refreshing native plugins compatible for Editor in 0.34 ms, found 1 plugins.
Preloading 0 native plugins for Editor in 0.00 ms.
Unloading 1823 Unused Serialized files (Serialized files now loaded: 0)
System memory in use before: 86.1 MB.
System memory in use after: 86.1 MB.

Unloading 12 unused Assets to reduce memory usage. Loaded Objects now: 2292.
Total: 1.883600 ms (FindLiveObjects: 0.172900 ms CreateObjectMapping: 0.066400 ms MarkObjects: 1.547400 ms  DeleteObjects: 0.095900 ms)

========================================================================
Received Prepare
Registering precompiled user dll's ...
Registered in 0.001171 seconds.
Begin MonoManager ReloadAssembly
Native extension for WindowsStandalone target not found
Native extension for OSXStandalone target not found
Refreshing native plugins compatible for Editor in 0.35 ms, found 1 plugins.
Preloading 0 native plugins for Editor in 0.00 ms.
Invoked RoslynAnalysisRunner static constructor.
RoslynAnalysisRunner will not be running.
RoslynAnalysisRunner has terminated.
Mono: successfully reloaded assembly
- Completed reload, in  0.810 seconds
Platform modules already initialized, skipping
Refreshing native plugins compatible for Editor in 0.35 ms, found 1 plugins.
Preloading 0 native plugins for Editor in 0.00 ms.
Unloading 1823 Unused Serialized files (Serialized files now loaded: 0)
System memory in use before: 86.1 MB.
System memory in use after: 86.1 MB.

Unloading 12 unused Assets to reduce memory usage. Loaded Objects now: 2295.
Total: 2.449600 ms (FindLiveObjects: 0.318100 ms CreateObjectMapping: 0.099600 ms MarkObjects: 1.888800 ms  DeleteObjects: 0.142000 ms)

========================================================================
Received Prepare
Registering precompiled user dll's ...
Registered in 0.001463 seconds.
Begin MonoManager ReloadAssembly
Native extension for WindowsStandalone target not found
Native extension for OSXStandalone target not found
Refreshing native plugins compatible for Editor in 0.37 ms, found 1 plugins.
Preloading 0 native plugins for Editor in 0.00 ms.
Invoked RoslynAnalysisRunner static constructor.
RoslynAnalysisRunner will not be running.
RoslynAnalysisRunner has terminated.
Mono: successfully reloaded assembly
- Completed reload, in  0.911 seconds
Platform modules already initialized, skipping
Refreshing native plugins compatible for Editor in 0.36 ms, found 1 plugins.
Preloading 0 native plugins for Editor in 0.00 ms.
Unloading 1823 Unused Serialized files (Serialized files now loaded: 0)
System memory in use before: 86.1 MB.
System memory in use after: 86.1 MB.

Unloading 12 unused Assets to reduce memory usage. Loaded Objects now: 2298.
Total: 2.588600 ms (FindLiveObjects: 0.272400 ms CreateObjectMapping: 0.134800 ms MarkObjects: 2.056200 ms  DeleteObjects: 0.124300 ms)

========================================================================
Received Prepare
Registering precompiled user dll's ...
Registered in 0.001259 seconds.
Begin MonoManager ReloadAssembly
Native extension for WindowsStandalone target not found
Native extension for OSXStandalone target not found
Refreshing native plugins compatible for Editor in 0.38 ms, found 1 plugins.
Preloading 0 native plugins for Editor in 0.00 ms.
Invoked RoslynAnalysisRunner static constructor.
RoslynAnalysisRunner will not be running.
RoslynAnalysisRunner has terminated.
Mono: successfully reloaded assembly
- Completed reload, in  0.810 seconds
Platform modules already initialized, skipping
Refreshing native plugins compatible for Editor in 0.35 ms, found 1 plugins.
Preloading 0 native plugins for Editor in 0.00 ms.
Unloading 1823 Unused Serialized files (Serialized files now loaded: 0)
System memory in use before: 86.2 MB.
System memory in use after: 86.2 MB.

Unloading 12 unused Assets to reduce memory usage. Loaded Objects now: 2301.
Total: 2.776500 ms (FindLiveObjects: 0.334400 ms CreateObjectMapping: 0.137100 ms MarkObjects: 2.162400 ms  DeleteObjects: 0.141100 ms)

========================================================================
Received Prepare
Registering precompiled user dll's ...
Registered in 0.000984 seconds.
Begin MonoManager ReloadAssembly
Native extension for WindowsStandalone target not found
Native extension for OSXStandalone target not found
Refreshing native plugins compatible for Editor in 0.35 ms, found 1 plugins.
Preloading 0 native plugins for Editor in 0.00 ms.
Invoked RoslynAnalysisRunner static constructor.
RoslynAnalysisRunner will not be running.
RoslynAnalysisRunner has terminated.
Mono: successfully reloaded assembly
- Completed reload, in  0.802 seconds
Platform modules already initialized, skipping
Refreshing native plugins compatible for Editor in 0.38 ms, found 1 plugins.
Preloading 0 native plugins for Editor in 0.00 ms.
Unloading 1823 Unused Serialized files (Serialized files now loaded: 0)
System memory in use before: 86.2 MB.
System memory in use after: 86.2 MB.

Unloading 12 unused Assets to reduce memory usage. Loaded Objects now: 2304.
Total: 2.043200 ms (FindLiveObjects: 0.183200 ms CreateObjectMapping: 0.069100 ms MarkObjects: 1.684700 ms  DeleteObjects: 0.105300 ms)

========================================================================
Received Prepare
Registering precompiled user dll's ...
Registered in 0.000985 seconds.
Begin MonoManager ReloadAssembly
Native extension for WindowsStandalone target not found
Native extension for OSXStandalone target not found
Refreshing native plugins compatible for Editor in 0.35 ms, found 1 plugins.
Preloading 0 native plugins for Editor in 0.00 ms.
Invoked RoslynAnalysisRunner static constructor.
RoslynAnalysisRunner will not be running.
RoslynAnalysisRunner has terminated.
Mono: successfully reloaded assembly
- Completed reload, in  0.788 seconds
Platform modules already initialized, skipping
Refreshing native plugins compatible for Editor in 0.35 ms, found 1 plugins.
Preloading 0 native plugins for Editor in 0.00 ms.
Unloading 1823 Unused Serialized files (Serialized files now loaded: 0)
System memory in use before: 86.2 MB.
System memory in use after: 86.2 MB.

Unloading 12 unused Assets to reduce memory usage. Loaded Objects now: 2307.
Total: 1.965500 ms (FindLiveObjects: 0.193900 ms CreateObjectMapping: 0.081000 ms MarkObjects: 1.582200 ms  DeleteObjects: 0.107600 ms)

========================================================================
Received Prepare
Registering precompiled user dll's ...
Registered in 0.001000 seconds.
Begin MonoManager ReloadAssembly
Native extension for WindowsStandalone target not found
Native extension for OSXStandalone target not found
Refreshing native plugins compatible for Editor in 0.41 ms, found 1 plugins.
Preloading 0 native plugins for Editor in 0.00 ms.
Invoked RoslynAnalysisRunner static constructor.
RoslynAnalysisRunner will not be running.
RoslynAnalysisRunner has terminated.
Mono: successfully reloaded assembly
- Completed reload, in  0.797 seconds
Platform modules already initialized, skipping
Refreshing native plugins compatible for Editor in 0.35 ms, found 1 plugins.
Preloading 0 native plugins for Editor in 0.00 ms.
Unloading 1823 Unused Serialized files (Serialized files now loaded: 0)
System memory in use before: 86.2 MB.
System memory in use after: 86.2 MB.

Unloading 12 unused Assets to reduce memory usage. Loaded Objects now: 2310.
Total: 2.410400 ms (FindLiveObjects: 0.274300 ms CreateObjectMapping: 0.109600 ms MarkObjects: 1.900300 ms  DeleteObjects: 0.124800 ms)

========================================================================
Received Prepare
Registering precompiled user dll's ...
Registered in 0.001067 seconds.
Begin MonoManager ReloadAssembly
Native extension for WindowsStandalone target not found
Native extension for OSXStandalone target not found
Refreshing native plugins compatible for Editor in 0.37 ms, found 1 plugins.
Preloading 0 native plugins for Editor in 0.00 ms.
Invoked RoslynAnalysisRunner static constructor.
RoslynAnalysisRunner will not be running.
RoslynAnalysisRunner has terminated.
Mono: successfully reloaded assembly
- Completed reload, in  0.814 seconds
Platform modules already initialized, skipping
Refreshing native plugins compatible for Editor in 0.36 ms, found 1 plugins.
Preloading 0 native plugins for Editor in 0.00 ms.
Unloading 1823 Unused Serialized files (Serialized files now loaded: 0)
System memory in use before: 86.2 MB.
System memory in use after: 86.2 MB.

Unloading 12 unused Assets to reduce memory usage. Loaded Objects now: 2313.
Total: 2.246300 ms (FindLiveObjects: 0.202000 ms CreateObjectMapping: 0.181900 ms MarkObjects: 1.753700 ms  DeleteObjects: 0.107800 ms)

========================================================================
Received Prepare
Registering precompiled user dll's ...
Registered in 0.001066 seconds.
Begin MonoManager ReloadAssembly
Native extension for WindowsStandalone target not found
Native extension for OSXStandalone target not found
Refreshing native plugins compatible for Editor in 0.37 ms, found 1 plugins.
Preloading 0 native plugins for Editor in 0.00 ms.
Invoked RoslynAnalysisRunner static constructor.
RoslynAnalysisRunner will not be running.
RoslynAnalysisRunner has terminated.
Mono: successfully reloaded assembly
- Completed reload, in  0.807 seconds
Platform modules already initialized, skipping
Refreshing native plugins compatible for Editor in 0.35 ms, found 1 plugins.
Preloading 0 native plugins for Editor in 0.00 ms.
Unloading 1823 Unused Serialized files (Serialized files now loaded: 0)
System memory in use before: 86.2 MB.
System memory in use after: 86.2 MB.

Unloading 12 unused Assets to reduce memory usage. Loaded Objects now: 2316.
Total: 1.802900 ms (FindLiveObjects: 0.176800 ms CreateObjectMapping: 0.061600 ms MarkObjects: 1.463500 ms  DeleteObjects: 0.100100 ms)

========================================================================
Received Prepare
Registering precompiled user dll's ...
Registered in 0.001159 seconds.
Begin MonoManager ReloadAssembly
Native extension for WindowsStandalone target not found
Native extension for OSXStandalone target not found
Refreshing native plugins compatible for Editor in 0.35 ms, found 1 plugins.
Preloading 0 native plugins for Editor in 0.00 ms.
Invoked RoslynAnalysisRunner static constructor.
RoslynAnalysisRunner will not be running.
RoslynAnalysisRunner has terminated.
Mono: successfully reloaded assembly
- Completed reload, in  0.806 seconds
Platform modules already initialized, skipping
Refreshing native plugins compatible for Editor in 0.35 ms, found 1 plugins.
Preloading 0 native plugins for Editor in 0.00 ms.
Unloading 1823 Unused Serialized files (Serialized files now loaded: 0)
System memory in use before: 86.2 MB.
System memory in use after: 86.2 MB.

Unloading 12 unused Assets to reduce memory usage. Loaded Objects now: 2319.
Total: 1.948400 ms (FindLiveObjects: 0.169000 ms CreateObjectMapping: 0.062900 ms MarkObjects: 1.605200 ms  DeleteObjects: 0.110500 ms)

========================================================================
Received Prepare
Registering precompiled user dll's ...
Registered in 0.001101 seconds.
Begin MonoManager ReloadAssembly
Native extension for WindowsStandalone target not found
Native extension for OSXStandalone target not found
Refreshing native plugins compatible for Editor in 0.37 ms, found 1 plugins.
Preloading 0 native plugins for Editor in 0.00 ms.
Invoked RoslynAnalysisRunner static constructor.
RoslynAnalysisRunner will not be running.
RoslynAnalysisRunner has terminated.
Mono: successfully reloaded assembly
- Completed reload, in  0.829 seconds
Platform modules already initialized, skipping
Refreshing native plugins compatible for Editor in 0.41 ms, found 1 plugins.
Preloading 0 native plugins for Editor in 0.00 ms.
Unloading 1823 Unused Serialized files (Serialized files now loaded: 0)
System memory in use before: 86.2 MB.
System memory in use after: 86.2 MB.

Unloading 12 unused Assets to reduce memory usage. Loaded Objects now: 2322.
Total: 1.923200 ms (FindLiveObjects: 0.178800 ms CreateObjectMapping: 0.071300 ms MarkObjects: 1.574600 ms  DeleteObjects: 0.097600 ms)

========================================================================
Received Prepare
Registering precompiled user dll's ...
Registered in 0.001028 seconds.
Begin MonoManager ReloadAssembly
Native extension for WindowsStandalone target not found
Native extension for OSXStandalone target not found
Refreshing native plugins compatible for Editor in 0.36 ms, found 1 plugins.
Preloading 0 native plugins for Editor in 0.00 ms.
Invoked RoslynAnalysisRunner static constructor.
RoslynAnalysisRunner will not be running.
RoslynAnalysisRunner has terminated.
Mono: successfully reloaded assembly
- Completed reload, in  0.785 seconds
Platform modules already initialized, skipping
Refreshing native plugins compatible for Editor in 0.42 ms, found 1 plugins.
Preloading 0 native plugins for Editor in 0.00 ms.
Unloading 1823 Unused Serialized files (Serialized files now loaded: 0)
System memory in use before: 86.2 MB.
System memory in use after: 86.2 MB.

Unloading 12 unused Assets to reduce memory usage. Loaded Objects now: 2325.
Total: 2.096500 ms (FindLiveObjects: 0.322300 ms CreateObjectMapping: 0.095600 ms MarkObjects: 1.575200 ms  DeleteObjects: 0.102300 ms)

========================================================================
Received Prepare
Registering precompiled user dll's ...
Registered in 0.000936 seconds.
Begin MonoManager ReloadAssembly
Native extension for WindowsStandalone target not found
Native extension for OSXStandalone target not found
Refreshing native plugins compatible for Editor in 0.37 ms, found 1 plugins.
Preloading 0 native plugins for Editor in 0.00 ms.
Invoked RoslynAnalysisRunner static constructor.
RoslynAnalysisRunner will not be running.
RoslynAnalysisRunner has terminated.
Mono: successfully reloaded assembly
- Completed reload, in  0.783 seconds
Platform modules already initialized, skipping
Refreshing native plugins compatible for Editor in 0.37 ms, found 1 plugins.
Preloading 0 native plugins for Editor in 0.00 ms.
Unloading 1823 Unused Serialized files (Serialized files now loaded: 0)
System memory in use before: 86.2 MB.
System memory in use after: 86.2 MB.

Unloading 12 unused Assets to reduce memory usage. Loaded Objects now: 2328.
Total: 5.630100 ms (FindLiveObjects: 0.278100 ms CreateObjectMapping: 0.142800 ms MarkObjects: 5.082600 ms  DeleteObjects: 0.124400 ms)

AssetImportWorkerClient::OnTransportError - code=2 error=End of file
